Using config /nxbench/notebooks/11B-Steps/nuxeo.properties
url=http://127.0.0.1:8080/nuxeo
login=nco-admin
Nuxeo Client configured
 (async mode actiavted)
Connected to Nuxeo Server 11.3.43
Running Operation:StreamImporter.runDocumentConsumersEx
   nbThreads: 24 
   blockPostCommitListeners: true 
   logName: import/statements_archive3 
   useScroller: true 
   blockDefaultSyncListeners: true 
   blockAsyncListeners: true 
   rootFolder: / 
   logSize: 8 
   blockIndexing: true 
   batchSize: 500 
Async Automation Execution Scheduled
  => status url:[http://127.0.0.1:8080/nuxeo/site/api/v1/automation/StreamImporter.runDocumentConsumersEx/@async/57e5c658-a37b-4573-8da5-001ce62e945f/status]
#####################
Execution completed

waiting for end of Async Exec
url=http://127.0.0.1:8080/nuxeo
login=nco-admin
Nuxeo Client configured
.....................................................................................................................................................................................................................................................................................................................................................................................................................................................................................................................................................................................................................................................................................................................................................................................................................................................................................................................................................................................................................................................................................................................................................................................................................................................................................................................................................................................................................................................................................................................................................
Running completed
elapsed:89641.752
committed:1215511646
failures:0
consumers:24
throughput:13559.659632712222
bulkIndexingCommandId:e984584c-6763-4283-874c-506c85385a04

Exit after 89655 s
