Using config /nxbench/notebooks/11B-Steps/nuxeo.properties
url=http://127.0.0.1:8080/nuxeo
login=nco-admin
Nuxeo Client configured
 (async mode actiavted)
Connected to Nuxeo Server 11.3.26
Running Operation:StreamImporter.runStatementProducers
   nbThreads: 240 
   split: false 
   logName: import/statements_archive2 
   seed: 2020 
   nbDocuments: 1079993172 
   logSize: 24 
   storeInRoot: true 
   skip: 0 
   smartPartitioning: true 
   nbMonths: 6 
   monthOffset: 18 
Async Automation Execution Scheduled
  => status url:[http://127.0.0.1:8080/nuxeo/site/api/v1/automation/StreamImporter.runStatementProducers/@async/2b52180d-57c6-4e82-8791-5916ab9c6cf4/status]
#####################
Execution completed

waiting for end of Async Exec
url=http://127.0.0.1:8080/nuxeo
login=nco-admin
Nuxeo Client configured
........................................................................................................................................................................................................................................................................................................................................................................................................................................................
Running completed
elapsed:26406.908
failures:0
messages:1079993280
throughput:40898.13468506044
producers:240

Exit after 26466 s
