Using config /nxbench/notebooks/11B-Steps/nuxeo.properties
url=http://127.0.0.1:8080/nuxeo
login=nco-admin
Nuxeo Client configured
 (async mode actiavted)
Connected to Nuxeo Server 11.3.26
Running Operation:StreamImporter.runDocumentConsumersEx
   nbThreads: 24 
   blockPostCommitListeners: true 
   logName: import/statements_archive0 
   blockDefaultSyncListeners: true 
   blockAsyncListeners: true 
   rootFolder: / 
   logSize: 8 
   blockIndexing: true 
   batchSize: 500 
Async Automation Execution Scheduled
  => status url:[http://127.0.0.1:8080/nuxeo/site/api/v1/automation/StreamImporter.runDocumentConsumersEx/@async/096db719-6e60-429d-8e76-3cb9bf0d3cef/status]
#####################
Execution completed

waiting for end of Async Exec
url=http://127.0.0.1:8080/nuxeo
login=nco-admin
Nuxeo Client configured
......................................................................................................................................................................................................................................................................................................................................................................................................................................................................................................................................................................................................................................................................................................................................................................................................................................................................................................................................................................................................
Running completed
elapsed:57997.114
committed:954442705
failures:0
consumers:24
throughput:16456.727570961546

Exit after 58030 s
