Using config /nxbench/notebooks/11B-Steps/nuxeo.properties
url=http://127.0.0.1:8080/nuxeo
login=nco-admin
Nuxeo Client configured
 (async mode actiavted)
Connected to Nuxeo Server 11.3.43
Running Operation:StreamImporter.runDocumentConsumersEx
   nbThreads: 24 
   blockPostCommitListeners: true 
   logName: import/statements_archive4 
   useScroller: true 
   blockDefaultSyncListeners: true 
   blockAsyncListeners: true 
   rootFolder: / 
   logSize: 8 
   blockIndexing: true 
   batchSize: 500 
Async Automation Execution Scheduled
  => status url:[http://127.0.0.1:8080/nuxeo/site/api/v1/automation/StreamImporter.runDocumentConsumersEx/@async/fb5c8f46-c20c-42ad-b4f9-4fb9d1b606a0/status]
#####################
Execution completed

waiting for end of Async Exec
url=http://127.0.0.1:8080/nuxeo
login=nco-admin
Nuxeo Client configured
....................................................................................................................................................................................................................................................................................................................................................................................................................................................................................................................................................................................................................................................................................................................................................................................................................................................................................................................................................................................................................................................................................................................................................................................................................................................................................................................................................................................................................................................................................................................................................................................................................................................................................................................................................................................................................................................................................................................................................................................................................................................................................................................................................................................................................................................................................................................................................................................................................................................................................................................................................................................................................................................................................................................................................................................................................................................................................................................................................................
Running completed
elapsed:171157.036
committed:2159986560
failures:0
consumers:24
throughput:12619.910992148754
bulkIndexingCommandId:aa27c114-50a1-452f-bb67-2f02df3381d9

Exit after 171204 s
