Using config /nxbench/notebooks/11B-Steps/nuxeo.properties
url=http://127.0.0.1:8080/nuxeo
login=nco-admin
Nuxeo Client configured
 (async mode actiavted)
Connected to Nuxeo Server 11.3.43
Running Operation:StreamImporter.runDocumentConsumersEx
   nbThreads: 24 
   blockPostCommitListeners: true 
   logName: import/statements_archive3 
   useScroller: true 
   blockDefaultSyncListeners: true 
   blockAsyncListeners: true 
   rootFolder: / 
   logSize: 8 
   blockIndexing: true 
   batchSize: 500 
Async Automation Execution Scheduled
  => status url:[http://127.0.0.1:8080/nuxeo/site/api/v1/automation/StreamImporter.runDocumentConsumersEx/@async/d7c79366-b4be-4c7e-9a22-d9ed2fc49bdc/status]
#####################
Execution completed

waiting for end of Async Exec
url=http://127.0.0.1:8080/nuxeo
login=nco-admin
Nuxeo Client configured
..........................................................................................................................................................................................................................................................................................................................................................................................................................................................................................................................................................................................................