Using config /nxbench/notebooks/11B-Steps/nuxeo.properties
url=http://127.0.0.1:8080/nuxeo
login=nco-admin
Nuxeo Client configured
 (async mode actiavted)
Connected to Nuxeo Server 11.3.26
Running Operation:StreamImporter.runStatementProducers
   nbThreads: 240 
   split: false 
   logName: import/statements_archive5 
   seed: 2020 
   nbDocuments: 2159986344 
   logSize: 24 
   storeInRoot: true 
   skip: 0 
   smartPartitioning: true 
   nbMonths: 12 
   monthOffset: 48 
Async Automation Execution Scheduled
  => status url:[http://127.0.0.1:8080/nuxeo/site/api/v1/automation/StreamImporter.runStatementProducers/@async/7d66bd05-ce24-45a6-a460-2f456e882143/status]
#####################
Execution completed

waiting for end of Async Exec
url=http://127.0.0.1:8080/nuxeo
login=nco-admin
Nuxeo Client configured
....................................................................................................................................................................................................................................................................................................................................................................................................................................................................................................................................................................................................................................................................................................................................................................................................................................................................................................................
Running completed
elapsed:53087.335
failures:0
messages:2159986560
throughput:40687.41744146697
producers:240

Exit after 53111 s
