Using config /nxbench/notebooks/11B-Steps/nuxeo.properties
url=http://127.0.0.1:8080/nuxeo
login=nco-admin
Nuxeo Client configured
Connected to Nuxeo Server 11.3.26
Started ThreadPool with 10 threads
Send batch 1

Send batch 2

Send batch 3

Send batch 4

Send batch 5

Send batch 6

Send batch 7

Send batch 8

Send batch 9

Send batch 10

Send batch 11

Send batch 12

Send batch 13

Send batch 14

Send batch 15

Send batch 16

Send batch 17

Send batch 18

Send batch 19

Send batch 20

Send batch 21

Send batch 22

Send batch 23

Send batch 24

Send batch 25

Send batch 26

Send batch 27

Send batch 28

Send batch 29

Send batch 30

Send batch 31

Send batch 32

Send batch 33

Send batch 34

Send batch 35

Send batch 36
.........
Send batch 37

Send batch 38

Send batch 39

Send batch 40

Send batch 41

Send batch 42

Send batch 43

Send batch 44

Send batch 45

Send batch 46
..........
Send batch 47

Send batch 48

Send batch 49

Send batch 50

Send batch 51

Send batch 52

Send batch 53

Send batch 54

Send batch 55

Send batch 56
...........
Send batch 57

Send batch 58

Send batch 59

Send batch 60

Send batch 61

Send batch 62

Send batch 63

Send batch 64

Send batch 65

Send batch 66
.........
Send batch 67

Send batch 68

Send batch 69

Send batch 70

Send batch 71

Send batch 72

Send batch 73

Send batch 74

Send batch 75

Send batch 76
..........
Send batch 77

Send batch 78

Send batch 79

Send batch 80

Send batch 81

Send batch 82

Send batch 83

Send batch 84

Send batch 85

Send batch 86
...........
Send batch 87

Send batch 88

Send batch 89

Send batch 90

Send batch 91

Send batch 92

Send batch 93

Send batch 94

Send batch 95

Send batch 96
..........
Send batch 97

Send batch 98

Send batch 99

Send batch 100

Send batch 101

Send batch 102

Send batch 103

Send batch 104

Send batch 105

Send batch 106
..........
Send batch 107

Send batch 108

Send batch 109

Send batch 110

Send batch 111

Send batch 112

Send batch 113

Send batch 114

Send batch 115

Send batch 116
.........
Send batch 117

Send batch 118

Send batch 119

Send batch 120

Send batch 121

Send batch 122

Send batch 123

Send batch 124

Send batch 125

Send batch 126
.........
Send batch 127

Send batch 128

Send batch 129

Send batch 130

Send batch 131

Send batch 132

Send batch 133

Send batch 134

Send batch 135

Send batch 136
...........
Send batch 137

Send batch 138

Send batch 139

Send batch 140

Send batch 141

Send batch 142

Send batch 143

Send batch 144

Send batch 145

Send batch 146
...........
Send batch 147

Send batch 148

Send batch 149

Send batch 150

Send batch 151

Send batch 152

Send batch 153

Send batch 154

Send batch 155

Send batch 156
............
Send batch 157

Send batch 158

Send batch 159

Send batch 160

Send batch 161

Send batch 162

Send batch 163

Send batch 164

Send batch 165

Send batch 166
........
Send batch 167

Send batch 168

Send batch 169

Send batch 170

Send batch 171

Send batch 172

Send batch 173

Send batch 174

Send batch 175

Send batch 176
.........
Send batch 177

Send batch 178

Send batch 179

Send batch 180

Send batch 181

Send batch 182

Send batch 183

Send batch 184

Send batch 185

Send batch 186
............
Send batch 187

Send batch 188

Send batch 189

Send batch 190

Send batch 191

Send batch 192

Send batch 193

Send batch 194

Send batch 195

Send batch 196
.........
Send batch 197

Send batch 198

Send batch 199

Send batch 200

Send batch 201

Send batch 202

Send batch 203

Send batch 204

Send batch 205

Send batch 206
...........
Send batch 207

Send batch 208

Send batch 209

Send batch 210

Send batch 211

Send batch 212

Send batch 213

Send batch 214

Send batch 215

Send batch 216
.........
Send batch 217

Send batch 218

Send batch 219

Send batch 220

Send batch 221

Send batch 222

Send batch 223

Send batch 224

Send batch 225

Send batch 226
.........
Send batch 227

Send batch 228

Send batch 229

Send batch 230

Send batch 231

Send batch 232

Send batch 233

Send batch 234

Send batch 235

Send batch 236
..........
Send batch 237

Send batch 238

Send batch 239

Send batch 240

Send batch 241

Send batch 242

Send batch 243

Send batch 244

Send batch 245

Send batch 246
...........
Send batch 247

Send batch 248

Send batch 249

Send batch 250

Send batch 251

Send batch 252

Send batch 253

Send batch 254

Send batch 255

Send batch 256
...........
Send batch 257

Send batch 258

Send batch 259

Send batch 260

Send batch 261

Send batch 262

Send batch 263

Send batch 264

Send batch 265

Send batch 266
..........
Send batch 267
.
Send batch 268

Send batch 269

Send batch 270

Send batch 271

Send batch 272

Send batch 273

Send batch 274

Send batch 275

Send batch 276
........
Send batch 277
.
Send batch 278

Send batch 279

Send batch 280

Send batch 281

Send batch 282

Send batch 283

Send batch 284

Send batch 285

Send batch 286
.........
Send batch 287
.
Send batch 288
.
Send batch 289

Send batch 290

Send batch 291

Send batch 292

Send batch 293

Send batch 294

Send batch 295

Send batch 296
........
Send batch 297
.
Send batch 298
.
Send batch 299

Send batch 300

Send batch 301

Send batch 302

Send batch 303

Send batch 304

Send batch 305

Send batch 306
........
Send batch 307
.
Send batch 308
..
Send batch 309

Send batch 310

Send batch 311

Send batch 312

Send batch 313

Send batch 314

Send batch 315

Send batch 316
......
Send batch 317
.
Send batch 318
..
Send batch 319

Send batch 320

Send batch 321

Send batch 322

Send batch 323

Send batch 324

Send batch 325

Send batch 326
.....
Send batch 327
.
Send batch 328
...
Send batch 329

Send batch 330

Send batch 331

Send batch 332

Send batch 333

Send batch 334

Send batch 335

Send batch 336
......
Send batch 337
..
Send batch 338
...
Send batch 339

Send batch 340

Send batch 341

Send batch 342

Send batch 343

Send batch 344

Send batch 345

Send batch 346
......
Send batch 347

Send batch 348
....
Send batch 349

Send batch 350

Send batch 351

Send batch 352

Send batch 353

Send batch 354

Send batch 355

Send batch 356
....
Send batch 357
..
Send batch 358
....
Send batch 359

Send batch 360

Send batch 361

Send batch 362

Send batch 363

Send batch 364

Send batch 365

Send batch 366
....
Send batch 367
.
Send batch 368
.....
Send batch 369

Send batch 370

Send batch 371

Send batch 372

Send batch 373

Send batch 374

Send batch 375

Send batch 376
..
Send batch 377
.
Send batch 378
......
Send batch 379

Send batch 380

Send batch 381

Send batch 382

Send batch 383

Send batch 384

Send batch 385

Send batch 386
..
Send batch 387
.
Send batch 388
........
Send batch 389

Send batch 390

Send batch 391

Send batch 392

Send batch 393

Send batch 394

Send batch 395

Send batch 396
..
Send batch 397
.
Send batch 398
.......
Send batch 399

Send batch 400

Send batch 401

Send batch 402

Send batch 403

Send batch 404

Send batch 405

Send batch 406
.
Send batch 407
.
Send batch 408
........
Send batch 409

Send batch 410

Send batch 411

Send batch 412

Send batch 413

Send batch 414

Send batch 415

Send batch 416
.
Send batch 417
.
Send batch 418
........
Send batch 419

Send batch 420

Send batch 421

Send batch 422

Send batch 423

Send batch 424

Send batch 425

Send batch 426

Send batch 427
.
Send batch 428
........
Send batch 429

Send batch 430

Send batch 431

Send batch 432

Send batch 433

Send batch 434

Send batch 435

Send batch 436

Send batch 437
.
Send batch 438
..........
Send batch 439

Send batch 440

Send batch 441

Send batch 442

Send batch 443

Send batch 444

Send batch 445

Send batch 446

Send batch 447

Send batch 448
..........
Send batch 449

Send batch 450

Send batch 451

Send batch 452

Send batch 453

Send batch 454

Send batch 455

Send batch 456

Send batch 457

Send batch 458
..........
Send batch 459

Send batch 460

Send batch 461

Send batch 462

Send batch 463

Send batch 464

Send batch 465

Send batch 466

Send batch 467

Send batch 468
..........
Send batch 469

Send batch 470

Send batch 471

Send batch 472

Send batch 473

Send batch 474

Send batch 475

Send batch 476

Send batch 477

Send batch 478
.........
Send batch 479

Send batch 480

Send batch 481

Send batch 482

Send batch 483

Send batch 484

Send batch 485

Send batch 486

Send batch 487

Send batch 488
..........
Send batch 489

Send batch 490

Send batch 491

Send batch 492

Send batch 493

Send batch 494

Send batch 495

Send batch 496

Send batch 497

Send batch 498
..........
Send batch 499
.
Send batch 500

Send batch 501

Send batch 502

Send batch 503

Send batch 504

Send batch 505

Send batch 506

Send batch 507

Send batch 508
..........
Send batch 509

Send batch 510

Send batch 511

Send batch 512

Send batch 513

Send batch 514

Send batch 515

Send batch 516

Send batch 517

Send batch 518
........
Send batch 519
..
Send batch 520

Send batch 521

Send batch 522

Send batch 523

Send batch 524

Send batch 525

Send batch 526

Send batch 527

Send batch 528
.......
Send batch 529
...
Send batch 530

Send batch 531

Send batch 532

Send batch 533

Send batch 534

Send batch 535

Send batch 536

Send batch 537

Send batch 538
......
Send batch 539
....
Send batch 540

Send batch 541

Send batch 542

Send batch 543

Send batch 544

Send batch 545

Send batch 546

Send batch 547

Send batch 548
.......
Send batch 549
....
Send batch 550

Send batch 551

Send batch 552

Send batch 553

Send batch 554

Send batch 555

Send batch 556

Send batch 557

Send batch 558
....
Send batch 559
......
Send batch 560

Send batch 561

Send batch 562

Send batch 563

Send batch 564

Send batch 565

Send batch 566

Send batch 567

Send batch 568
....
Send batch 569
.....
Send batch 570

Send batch 571

Send batch 572

Send batch 573

Send batch 574

Send batch 575

Send batch 576

Send batch 577

Send batch 578
...
Send batch 579
......
Send batch 580

Send batch 581

Send batch 582

Send batch 583

Send batch 584

Send batch 585

Send batch 586

Send batch 587

Send batch 588
...
Send batch 589
........
Send batch 590

Send batch 591

Send batch 592

Send batch 593

Send batch 594

Send batch 595

Send batch 596

Send batch 597

Send batch 598
...
Send batch 599
.......
Send batch 600

Send batch 601

Send batch 602

Send batch 603

Send batch 604

Send batch 605

Send batch 606

Send batch 607

Send batch 608
..
Send batch 609
.........
Send batch 610

Send batch 611

Send batch 612

Send batch 613

Send batch 614

Send batch 615

Send batch 616

Send batch 617

Send batch 618
.
Send batch 619
.........
Send batch 620

Send batch 621

Send batch 622

Send batch 623

Send batch 624

Send batch 625

Send batch 626

Send batch 627

Send batch 628

Send batch 629
........
Send batch 630

Send batch 631

Send batch 632

Send batch 633

Send batch 634

Send batch 635

Send batch 636

Send batch 637

Send batch 638

Send batch 639
...........
Send batch 640

Send batch 641

Send batch 642

Send batch 643

Send batch 644

Send batch 645

Send batch 646

Send batch 647

Send batch 648

Send batch 649
...........
Send batch 650

Send batch 651

Send batch 652

Send batch 653

Send batch 654

Send batch 655

Send batch 656

Send batch 657

Send batch 658

Send batch 659
...........
Send batch 660

Send batch 661

Send batch 662

Send batch 663

Send batch 664

Send batch 665

Send batch 666

Send batch 667

Send batch 668

Send batch 669
.........
Send batch 670

Send batch 671

Send batch 672

Send batch 673

Send batch 674

Send batch 675

Send batch 676

Send batch 677

Send batch 678

Send batch 679
.........
Send batch 680

Send batch 681

Send batch 682

Send batch 683

Send batch 684

Send batch 685

Send batch 686

Send batch 687

Send batch 688

Send batch 689
.........
Send batch 690

Send batch 691

Send batch 692

Send batch 693

Send batch 694

Send batch 695

Send batch 696

Send batch 697

Send batch 698

Send batch 699
...........
Send batch 700

Send batch 701

Send batch 702

Send batch 703

Send batch 704

Send batch 705

Send batch 706

Send batch 707

Send batch 708

Send batch 709
..........
Send batch 710

Send batch 711

Send batch 712

Send batch 713

Send batch 714

Send batch 715

Send batch 716

Send batch 717

Send batch 718

Send batch 719
..........
Send batch 720

Send batch 721

Send batch 722

Send batch 723

Send batch 724

Send batch 725

Send batch 726

Send batch 727

Send batch 728

Send batch 729
........
Send batch 730

Send batch 731

Send batch 732

Send batch 733

Send batch 734

Send batch 735

Send batch 736

Send batch 737

Send batch 738

Send batch 739
..........
Send batch 740

Send batch 741

Send batch 742

Send batch 743

Send batch 744

Send batch 745

Send batch 746

Send batch 747

Send batch 748

Send batch 749
...........
Send batch 750

Send batch 751

Send batch 752

Send batch 753

Send batch 754

Send batch 755

Send batch 756

Send batch 757

Send batch 758

Send batch 759
..........
Send batch 760

Send batch 761

Send batch 762

Send batch 763

Send batch 764

Send batch 765

Send batch 766

Send batch 767

Send batch 768

Send batch 769
..........
Send batch 770

Send batch 771

Send batch 772

Send batch 773

Send batch 774

Send batch 775

Send batch 776

Send batch 777

Send batch 778

Send batch 779
.........
Send batch 780

Send batch 781

Send batch 782

Send batch 783

Send batch 784

Send batch 785

Send batch 786

Send batch 787

Send batch 788

Send batch 789
..........
Send batch 790

Send batch 791

Send batch 792

Send batch 793

Send batch 794

Send batch 795

Send batch 796

Send batch 797

Send batch 798

Send batch 799
............
Send batch 800

Send batch 801

Send batch 802

Send batch 803

Send batch 804

Send batch 805

Send batch 806

Send batch 807

Send batch 808

Send batch 809
.........
Send batch 810

Send batch 811

Send batch 812

Send batch 813

Send batch 814

Send batch 815

Send batch 816

Send batch 817

Send batch 818

Send batch 819
..........
Send batch 820

Send batch 821

Send batch 822

Send batch 823

Send batch 824

Send batch 825

Send batch 826

Send batch 827

Send batch 828

Send batch 829
.........
Send batch 830

Send batch 831

Send batch 832

Send batch 833

Send batch 834

Send batch 835

Send batch 836

Send batch 837

Send batch 838

Send batch 839
..........
Send batch 840

Send batch 841

Send batch 842

Send batch 843

Send batch 844

Send batch 845

Send batch 846

Send batch 847

Send batch 848

Send batch 849
............
Send batch 850

Send batch 851

Send batch 852

Send batch 853

Send batch 854

Send batch 855

Send batch 856

Send batch 857

Send batch 858

Send batch 859
.........
Send batch 860

Send batch 861

Send batch 862

Send batch 863

Send batch 864

Send batch 865

Send batch 866

Send batch 867

Send batch 868

Send batch 869
..........
Send batch 870

Send batch 871

Send batch 872

Send batch 873

Send batch 874

Send batch 875

Send batch 876

Send batch 877

Send batch 878

Send batch 879
.........
Send batch 880

Send batch 881

Send batch 882

Send batch 883

Send batch 884

Send batch 885

Send batch 886

Send batch 887

Send batch 888

Send batch 889
.........
Send batch 890

Send batch 891

Send batch 892

Send batch 893

Send batch 894

Send batch 895

Send batch 896

Send batch 897

Send batch 898

Send batch 899
............
Send batch 900

Send batch 901

Send batch 902

Send batch 903

Send batch 904

Send batch 905

Send batch 906

Send batch 907

Send batch 908

Send batch 909
.........
Send batch 910

Send batch 911

Send batch 912

Send batch 913

Send batch 914

Send batch 915

Send batch 916

Send batch 917

Send batch 918

Send batch 919
...........
Send batch 920

Send batch 921

Send batch 922

Send batch 923

Send batch 924

Send batch 925

Send batch 926

Send batch 927

Send batch 928

Send batch 929
.........
Send batch 930

Send batch 931

Send batch 932

Send batch 933

Send batch 934

Send batch 935

Send batch 936

Send batch 937

Send batch 938

Send batch 939
.........
Send batch 940

Send batch 941

Send batch 942

Send batch 943

Send batch 944

Send batch 945

Send batch 946

Send batch 947

Send batch 948

Send batch 949
............
Send batch 950

Send batch 951

Send batch 952

Send batch 953

Send batch 954

Send batch 955

Send batch 956

Send batch 957

Send batch 958

Send batch 959
.........
Send batch 960

Send batch 961

Send batch 962

Send batch 963

Send batch 964

Send batch 965

Send batch 966

Send batch 967

Send batch 968

Send batch 969
..........
Send batch 970

Send batch 971

Send batch 972

Send batch 973

Send batch 974

Send batch 975

Send batch 976

Send batch 977

Send batch 978

Send batch 979
.........
Send batch 980

Send batch 981

Send batch 982

Send batch 983

Send batch 984

Send batch 985

Send batch 986

Send batch 987

Send batch 988

Send batch 989
.........
Send batch 990

Send batch 991

Send batch 992

Send batch 993

Send batch 994

Send batch 995

Send batch 996

Send batch 997

Send batch 998

Send batch 999
.........
Send batch 1000
.
Send batch 1001

Send batch 1002

Send batch 1003

Send batch 1004

Send batch 1005

Send batch 1006

Send batch 1007

Send batch 1008

Send batch 1009
.........
Send batch 1010
.
Send batch 1011

Send batch 1012

Send batch 1013

Send batch 1014

Send batch 1015

Send batch 1016

Send batch 1017

Send batch 1018

Send batch 1019
.........
Send batch 1020
.
Send batch 1021

Send batch 1022

Send batch 1023

Send batch 1024

Send batch 1025

Send batch 1026

Send batch 1027

Send batch 1028

Send batch 1029
........
Send batch 1030
.
Send batch 1031

Send batch 1032

Send batch 1033

Send batch 1034

Send batch 1035

Send batch 1036

Send batch 1037

Send batch 1038

Send batch 1039
.......
Send batch 1040
.
Send batch 1041
.
Send batch 1042

Send batch 1043

Send batch 1044

Send batch 1045

Send batch 1046

Send batch 1047

Send batch 1048

Send batch 1049
.......
Send batch 1050
..
Send batch 1051
..
Send batch 1052

Send batch 1053

Send batch 1054

Send batch 1055

Send batch 1056

Send batch 1057

Send batch 1058

Send batch 1059
........
Send batch 1060
.
Send batch 1061
.
Send batch 1062

Send batch 1063

Send batch 1064

Send batch 1065

Send batch 1066

Send batch 1067

Send batch 1068

Send batch 1069
.......
Send batch 1070
..
Send batch 1071
..
Send batch 1072

Send batch 1073

Send batch 1074

Send batch 1075

Send batch 1076

Send batch 1077

Send batch 1078

Send batch 1079
......
Send batch 1080
.
Send batch 1081
..
Send batch 1082

Send batch 1083

Send batch 1084

Send batch 1085

Send batch 1086

Send batch 1087

Send batch 1088

Send batch 1089
.....
Send batch 1090

Send batch 1091
...
Send batch 1092

Send batch 1093

Send batch 1094

Send batch 1095

Send batch 1096

Send batch 1097

Send batch 1098

Send batch 1099
......
Send batch 1100
.
Send batch 1101
...
Send batch 1102

Send batch 1103

Send batch 1104

Send batch 1105

Send batch 1106

Send batch 1107

Send batch 1108

Send batch 1109
.......
Send batch 1110
.
Send batch 1111
....
Send batch 1112

Send batch 1113

Send batch 1114

Send batch 1115

Send batch 1116

Send batch 1117

Send batch 1118

Send batch 1119
.....
Send batch 1120

Send batch 1121
.....
Send batch 1122

Send batch 1123

Send batch 1124

Send batch 1125

Send batch 1126

Send batch 1127

Send batch 1128

Send batch 1129
....
Send batch 1130
.
Send batch 1131
....
Send batch 1132

Send batch 1133

Send batch 1134

Send batch 1135

Send batch 1136

Send batch 1137

Send batch 1138

Send batch 1139
....
Send batch 1140

Send batch 1141
....
Send batch 1142

Send batch 1143

Send batch 1144

Send batch 1145

Send batch 1146

Send batch 1147

Send batch 1148

Send batch 1149
....
Send batch 1150
.
Send batch 1151
.....
Send batch 1152

Send batch 1153

Send batch 1154

Send batch 1155

Send batch 1156

Send batch 1157

Send batch 1158

Send batch 1159
.....
Send batch 1160
.
Send batch 1161
......
Send batch 1162

Send batch 1163

Send batch 1164

Send batch 1165

Send batch 1166

Send batch 1167

Send batch 1168

Send batch 1169
...
Send batch 1170

Send batch 1171
......
Send batch 1172

Send batch 1173

Send batch 1174

Send batch 1175

Send batch 1176

Send batch 1177

Send batch 1178

Send batch 1179
....
Send batch 1180

Send batch 1181
......
Send batch 1182

Send batch 1183

Send batch 1184

Send batch 1185

Send batch 1186

Send batch 1187

Send batch 1188

Send batch 1189
...
Send batch 1190

Send batch 1191
.....
Send batch 1192

Send batch 1193

Send batch 1194

Send batch 1195

Send batch 1196

Send batch 1197

Send batch 1198

Send batch 1199
..
Send batch 1200
.
Send batch 1201
......
Send batch 1202

Send batch 1203

Send batch 1204

Send batch 1205

Send batch 1206

Send batch 1207

Send batch 1208

Send batch 1209
..
Send batch 1210
.
Send batch 1211
.........
Send batch 1212

Send batch 1213

Send batch 1214

Send batch 1215

Send batch 1216

Send batch 1217

Send batch 1218

Send batch 1219
.
Send batch 1220
.
Send batch 1221
.......
Send batch 1222

Send batch 1223

Send batch 1224

Send batch 1225

Send batch 1226

Send batch 1227

Send batch 1228

Send batch 1229
.
Send batch 1230
.
Send batch 1231
........
Send batch 1232

Send batch 1233

Send batch 1234

Send batch 1235

Send batch 1236

Send batch 1237

Send batch 1238

Send batch 1239

Send batch 1240
.
Send batch 1241
........
Send batch 1242

Send batch 1243

Send batch 1244

Send batch 1245

Send batch 1246

Send batch 1247

Send batch 1248

Send batch 1249

Send batch 1250

Send batch 1251
.........
Send batch 1252

Send batch 1253

Send batch 1254

Send batch 1255

Send batch 1256

Send batch 1257

Send batch 1258

Send batch 1259

Send batch 1260
.
Send batch 1261
............
Send batch 1262

Send batch 1263

Send batch 1264

Send batch 1265

Send batch 1266

Send batch 1267

Send batch 1268

Send batch 1269

Send batch 1270

Send batch 1271
...........
Send batch 1272

Send batch 1273

Send batch 1274

Send batch 1275

Send batch 1276

Send batch 1277

Send batch 1278

Send batch 1279

Send batch 1280

Send batch 1281
..........
Send batch 1282

Send batch 1283

Send batch 1284

Send batch 1285

Send batch 1286

Send batch 1287

Send batch 1288

Send batch 1289

Send batch 1290

Send batch 1291
........
Send batch 1292

Send batch 1293

Send batch 1294

Send batch 1295

Send batch 1296

Send batch 1297

Send batch 1298

Send batch 1299

Send batch 1300

Send batch 1301
.........
Send batch 1302

Send batch 1303

Send batch 1304

Send batch 1305

Send batch 1306

Send batch 1307

Send batch 1308

Send batch 1309

Send batch 1310

Send batch 1311
............
Send batch 1312

Send batch 1313

Send batch 1314

Send batch 1315

Send batch 1316

Send batch 1317

Send batch 1318

Send batch 1319

Send batch 1320

Send batch 1321
.........
Send batch 1322

Send batch 1323

Send batch 1324

Send batch 1325

Send batch 1326

Send batch 1327

Send batch 1328

Send batch 1329

Send batch 1330

Send batch 1331
..........
Send batch 1332

Send batch 1333

Send batch 1334

Send batch 1335

Send batch 1336

Send batch 1337

Send batch 1338

Send batch 1339

Send batch 1340

Send batch 1341
.........
Send batch 1342

Send batch 1343

Send batch 1344

Send batch 1345

Send batch 1346

Send batch 1347

Send batch 1348

Send batch 1349

Send batch 1350

Send batch 1351
.........
Send batch 1352

Send batch 1353

Send batch 1354

Send batch 1355

Send batch 1356

Send batch 1357

Send batch 1358

Send batch 1359

Send batch 1360

Send batch 1361
..........
Send batch 1362

Send batch 1363

Send batch 1364

Send batch 1365

Send batch 1366

Send batch 1367

Send batch 1368

Send batch 1369

Send batch 1370

Send batch 1371
..........
Send batch 1372

Send batch 1373

Send batch 1374

Send batch 1375

Send batch 1376

Send batch 1377

Send batch 1378

Send batch 1379

Send batch 1380

Send batch 1381
...........
Send batch 1382

Send batch 1383

Send batch 1384

Send batch 1385

Send batch 1386

Send batch 1387

Send batch 1388

Send batch 1389

Send batch 1390

Send batch 1391
...........
Send batch 1392

Send batch 1393

Send batch 1394

Send batch 1395

Send batch 1396

Send batch 1397

Send batch 1398

Send batch 1399

Send batch 1400

Send batch 1401
........
Send batch 1402

Send batch 1403

Send batch 1404

Send batch 1405

Send batch 1406

Send batch 1407

Send batch 1408

Send batch 1409

Send batch 1410

Send batch 1411
...........
Send batch 1412

Send batch 1413

Send batch 1414

Send batch 1415

Send batch 1416

Send batch 1417

Send batch 1418

Send batch 1419

Send batch 1420

Send batch 1421
..........
Send batch 1422

Send batch 1423

Send batch 1424

Send batch 1425

Send batch 1426

Send batch 1427

Send batch 1428

Send batch 1429

Send batch 1430

Send batch 1431
..........
Send batch 1432

Send batch 1433

Send batch 1434

Send batch 1435

Send batch 1436

Send batch 1437

Send batch 1438

Send batch 1439

Send batch 1440

Send batch 1441
..........
Send batch 1442

Send batch 1443

Send batch 1444

Send batch 1445

Send batch 1446

Send batch 1447

Send batch 1448

Send batch 1449

Send batch 1450

Send batch 1451
........
Send batch 1452

Send batch 1453

Send batch 1454

Send batch 1455

Send batch 1456

Send batch 1457

Send batch 1458

Send batch 1459

Send batch 1460

Send batch 1461
...........
Send batch 1462

Send batch 1463

Send batch 1464

Send batch 1465

Send batch 1466

Send batch 1467

Send batch 1468

Send batch 1469

Send batch 1470

Send batch 1471
..........
Send batch 1472

Send batch 1473

Send batch 1474

Send batch 1475

Send batch 1476

Send batch 1477

Send batch 1478

Send batch 1479

Send batch 1480

Send batch 1481
..........
Send batch 1482

Send batch 1483

Send batch 1484

Send batch 1485

Send batch 1486

Send batch 1487

Send batch 1488

Send batch 1489

Send batch 1490

Send batch 1491
.........
Send batch 1492

Send batch 1493

Send batch 1494

Send batch 1495

Send batch 1496

Send batch 1497

Send batch 1498

Send batch 1499

Send batch 1500

Send batch 1501
.........
Send batch 1502

Send batch 1503

Send batch 1504

Send batch 1505

Send batch 1506

Send batch 1507

Send batch 1508

Send batch 1509

Send batch 1510

Send batch 1511
...........
Send batch 1512

Send batch 1513

Send batch 1514

Send batch 1515

Send batch 1516

Send batch 1517

Send batch 1518

Send batch 1519

Send batch 1520

Send batch 1521
...........
Send batch 1522

Send batch 1523

Send batch 1524

Send batch 1525

Send batch 1526

Send batch 1527

Send batch 1528

Send batch 1529

Send batch 1530

Send batch 1531
..........
Send batch 1532

Send batch 1533

Send batch 1534

Send batch 1535

Send batch 1536

Send batch 1537

Send batch 1538

Send batch 1539

Send batch 1540

Send batch 1541
..........
Send batch 1542

Send batch 1543

Send batch 1544

Send batch 1545

Send batch 1546

Send batch 1547

Send batch 1548

Send batch 1549

Send batch 1550

Send batch 1551
........
Send batch 1552

Send batch 1553

Send batch 1554

Send batch 1555

Send batch 1556

Send batch 1557

Send batch 1558

Send batch 1559

Send batch 1560

Send batch 1561
.........
Send batch 1562

Send batch 1563

Send batch 1564

Send batch 1565

Send batch 1566

Send batch 1567

Send batch 1568

Send batch 1569

Send batch 1570

Send batch 1571
............
Send batch 1572

Send batch 1573

Send batch 1574

Send batch 1575

Send batch 1576

Send batch 1577

Send batch 1578

Send batch 1579

Send batch 1580

Send batch 1581
.........
Send batch 1582

Send batch 1583

Send batch 1584

Send batch 1585

Send batch 1586

Send batch 1587

Send batch 1588

Send batch 1589

Send batch 1590

Send batch 1591
..........
Send batch 1592

Send batch 1593

Send batch 1594

Send batch 1595

Send batch 1596

Send batch 1597

Send batch 1598

Send batch 1599

Send batch 1600

Send batch 1601
........
Send batch 1602

Send batch 1603

Send batch 1604

Send batch 1605

Send batch 1606

Send batch 1607

Send batch 1608

Send batch 1609

Send batch 1610

Send batch 1611
.........
Send batch 1612

Send batch 1613

Send batch 1614

Send batch 1615

Send batch 1616

Send batch 1617

Send batch 1618

Send batch 1619

Send batch 1620

Send batch 1621
............
Send batch 1622

Send batch 1623

Send batch 1624

Send batch 1625

Send batch 1626

Send batch 1627

Send batch 1628

Send batch 1629

Send batch 1630

Send batch 1631
.........
Send batch 1632

Send batch 1633

Send batch 1634

Send batch 1635

Send batch 1636

Send batch 1637

Send batch 1638

Send batch 1639

Send batch 1640

Send batch 1641
..........
Send batch 1642

Send batch 1643

Send batch 1644

Send batch 1645

Send batch 1646

Send batch 1647

Send batch 1648

Send batch 1649

Send batch 1650

Send batch 1651
........
Send batch 1652

Send batch 1653

Send batch 1654

Send batch 1655

Send batch 1656

Send batch 1657

Send batch 1658

Send batch 1659

Send batch 1660

Send batch 1661
.........
Send batch 1662

Send batch 1663

Send batch 1664

Send batch 1665

Send batch 1666

Send batch 1667

Send batch 1668

Send batch 1669

Send batch 1670

Send batch 1671
............
Send batch 1672

Send batch 1673

Send batch 1674

Send batch 1675

Send batch 1676

Send batch 1677

Send batch 1678

Send batch 1679

Send batch 1680

Send batch 1681
...........
Send batch 1682

Send batch 1683

Send batch 1684

Send batch 1685

Send batch 1686

Send batch 1687

Send batch 1688

Send batch 1689

Send batch 1690

Send batch 1691
..........
Send batch 1692

Send batch 1693

Send batch 1694

Send batch 1695

Send batch 1696

Send batch 1697

Send batch 1698

Send batch 1699

Send batch 1700

Send batch 1701
.........
Send batch 1702

Send batch 1703

Send batch 1704

Send batch 1705

Send batch 1706

Send batch 1707

Send batch 1708

Send batch 1709

Send batch 1710

Send batch 1711
..........
Send batch 1712

Send batch 1713

Send batch 1714

Send batch 1715

Send batch 1716

Send batch 1717

Send batch 1718

Send batch 1719

Send batch 1720

Send batch 1721
............
Send batch 1722

Send batch 1723

Send batch 1724

Send batch 1725

Send batch 1726

Send batch 1727

Send batch 1728

Send batch 1729

Send batch 1730

Send batch 1731
..........
Send batch 1732

Send batch 1733

Send batch 1734

Send batch 1735

Send batch 1736

Send batch 1737

Send batch 1738

Send batch 1739

Send batch 1740

Send batch 1741
..........
Send batch 1742

Send batch 1743

Send batch 1744

Send batch 1745

Send batch 1746

Send batch 1747

Send batch 1748

Send batch 1749

Send batch 1750

Send batch 1751
..........
Send batch 1752

Send batch 1753

Send batch 1754

Send batch 1755

Send batch 1756

Send batch 1757

Send batch 1758

Send batch 1759

Send batch 1760

Send batch 1761
..........
Send batch 1762

Send batch 1763

Send batch 1764

Send batch 1765

Send batch 1766

Send batch 1767

Send batch 1768

Send batch 1769

Send batch 1770

Send batch 1771
...........
Send batch 1772

Send batch 1773

Send batch 1774

Send batch 1775

Send batch 1776

Send batch 1777

Send batch 1778

Send batch 1779

Send batch 1780

Send batch 1781
.........
Send batch 1782

Send batch 1783

Send batch 1784

Send batch 1785

Send batch 1786

Send batch 1787

Send batch 1788

Send batch 1789

Send batch 1790

Send batch 1791
..........
Send batch 1792

Send batch 1793

Send batch 1794

Send batch 1795

Send batch 1796

Send batch 1797

Send batch 1798

Send batch 1799

   Throughput:43223 lines/s using 10 threads
 Queue size: 25
 Tasks count: 1800
   Throughput:43181 lines/s using 10 threads
 Queue size: 25
 Tasks count: 1800
   Throughput:43140 lines/s using 10 threads
 Queue size: 25
 Tasks count: 1800
   Throughput:43099 lines/s using 10 threads
 Queue size: 25
 Tasks count: 1800
   Throughput:43057 lines/s using 10 threads
 Queue size: 25
 Tasks count: 1800
   Throughput:43016 lines/s using 10 threads
 Queue size: 15
 Tasks count: 1800
   Throughput:42975 lines/s using 10 threads
 Queue size: 15
 Tasks count: 1800
   Throughput:42934 lines/s using 10 threads
 Queue size: 15
 Tasks count: 1800
   Throughput:42893 lines/s using 10 threads
 Queue size: 15
 Tasks count: 1800
   Throughput:42852 lines/s using 10 threads
 Queue size: 15
 Tasks count: 1800
   Throughput:42812 lines/s using 10 threads
 Queue size: 5
 Tasks count: 1800
   Throughput:42771 lines/s using 10 threads
 Queue size: 5
 Tasks count: 1800
   Throughput:42730 lines/s using 10 threads
 Queue size: 5
 Tasks count: 1800
   Throughput:42690 lines/s using 10 threads
 Queue size: 5
 Tasks count: 1800
   Throughput:42649 lines/s using 10 threads
 Queue size: 5
 Tasks count: 1800
   Throughput:42609 lines/s using 10 threads
 Queue size: 5
 Tasks count: 1800
   Throughput:42569 lines/s using 5 threads
 Queue size: 0
 Tasks count: 1800
   Throughput:42528 lines/s using 5 threads
 Queue size: 0
 Tasks count: 1800
   Throughput:42488 lines/s using 5 threads
 Queue size: 0
 Tasks count: 1800
   Throughput:42448 lines/s using 5 threads
 Queue size: 0
 Tasks count: 1800
   Throughput:42408 lines/s using 5 threads
 Queue size: 0
 Tasks count: 1800
 ############################## 
 CSV stats:
    Throughput:42408 lines/s
    Total lines:89997827
 Producers stats:
    total producers:57600
    total messages:179995654
    total failures:0
    Throughput:84796
