Using config /nxbench/notebooks/11B-Steps/nuxeo.properties
url=http://127.0.0.1:8080/nuxeo
login=nco-admin
Nuxeo Client configured
 (async mode actiavted)
Connected to Nuxeo Server 11.3.26
Running Operation:StreamImporter.runStatementProducers
   nbThreads: 240 
   split: false 
   logName: import/statements_archive3 
   seed: 2020 
   nbDocuments: 2159986344 
   logSize: 24 
   storeInRoot: true 
   skip: 0 
   smartPartitioning: true 
   nbMonths: 12 
   monthOffset: 24 
Async Automation Execution Scheduled
  => status url:[http://127.0.0.1:8080/nuxeo/site/api/v1/automation/StreamImporter.runStatementProducers/@async/8c3999e9-32b0-4317-97b3-1b007ea368d1/status]
#####################
Execution completed

waiting for end of Async Exec
url=http://127.0.0.1:8080/nuxeo
login=nco-admin
Nuxeo Client configured
............................................................................................................................................................................................................................................................................................................................................................................................................................................................................................................................................................................................................................................................................................................................................................................................................................................................................................................................
Running completed
elapsed:53570.701
failures:0
messages:2159986560
throughput:40320.296723389896
producers:240

Exit after 53593 s
