Using config /nxbench/notebooks/11B-Steps/nuxeo.properties
url=http://127.0.0.1:8080/nuxeo
login=nco-admin
Nuxeo Client configured
 (async mode actiavted)
Connected to Nuxeo Server 11.3.26
Running Operation:StreamImporter.runStatementProducers
   nbThreads: 240 
   split: true 
   logName: import/statements_live 
   seed: 2020 
   nbDocuments: 1079993172 
   logSize: 24 
   skip: 0 
   smartPartitioning: true 
   nbMonths: 6 
   monthOffset: 6 
   storeInCustomerFolder: true 
Async Automation Execution Scheduled
  => status url:[http://127.0.0.1:8080/nuxeo/site/api/v1/automation/StreamImporter.runStatementProducers/@async/20720a6a-502e-40d8-b8f0-a7db8b5e98a0/status]
#####################
Execution completed

waiting for end of Async Exec
url=http://127.0.0.1:8080/nuxeo
login=nco-admin
Nuxeo Client configured
...............................................................................................................................................................................................................................................................................................................................................................................................................