Using config /nxbench/notebooks/11B-Steps/nuxeo.properties
url=http://127.0.0.1:8080/nuxeo
login=nco-admin
Nuxeo Client configured
 (async mode actiavted)
Connected to Nuxeo Server 11.3.26
Running Operation:StreamImporter.runStatementProducers
   nbThreads: 240 
   split: false 
   logName: import/statements_archive4 
   seed: 2020 
   nbDocuments: 2159986344 
   logSize: 24 
   storeInRoot: true 
   skip: 0 
   smartPartitioning: true 
   nbMonths: 12 
   monthOffset: 36 
Async Automation Execution Scheduled
  => status url:[http://127.0.0.1:8080/nuxeo/site/api/v1/automation/StreamImporter.runStatementProducers/@async/1933da9b-074b-49bf-8988-bd3f14bafe97/status]
#####################
Execution completed

waiting for end of Async Exec
url=http://127.0.0.1:8080/nuxeo
login=nco-admin
Nuxeo Client configured
.................................................................................................................................................................................................................................................................................................................................................................................................................................................................................................................................................................................................................................................................................................................................................................................................................................................................................................................................................................................................................................................
Running completed
elapsed:60582.248
failures:0
messages:2159986560
throughput:35653.78689810256
producers:240

Exit after 60618 s
